#
# There is insufficient memory for the Java Runtime Environment to continue.
# Native memory allocation (malloc) failed to allocate 480104 bytes for AllocateHeap
# Possible reasons:
#   The system is out of physical RAM or swap space
#   In 32 bit mode, the process size limit was hit
# Possible solutions:
#   Reduce memory load on the system
#   Increase physical memory or swap space
#   Check if swap backing store is full
#   Use 64 bit Java on a 64 bit OS
#   Decrease Java heap size (-Xmx/-Xms)
#   Decrease number of Java threads
#   Decrease Java thread stack sizes (-Xss)
#   Set larger code cache with -XX:ReservedCodeCacheSize=
# This output file may be truncated or incomplete.
#
#  Out of Memory Error (memory/allocation.inline.hpp:61), pid=11644, tid=10524
#
# JRE version:  (7.0_40-b43) (build )
# Java VM: Java HotSpot(TM) 64-Bit Server VM (24.0-b56 mixed mode windows-amd64 compressed oops)
# Failed to write core dump. Minidumps are not enabled by default on client versions of Windows
#

---------------  T H R E A D  ---------------

Current thread (0x00000000026a1000):  JavaThread "Unknown thread" [_thread_in_vm, id=10524, stack(0x00000000025a0000,0x00000000026a0000)]

Stack: [0x00000000025a0000,0x00000000026a0000]

---------------  P R O C E S S  ---------------

Java Threads: ( => current thread )

Other Threads:

=>0x00000000026a1000 (exited) JavaThread "Unknown thread" [_thread_in_vm, id=10524, stack(0x00000000025a0000,0x00000000026a0000)]

VM state:not at safepoint (not fully initialized)

VM Mutex/Monitor currently owned by a thread: None

GC Heap History (0 events):
No events

Deoptimization events (0 events):
No events

Internal exceptions (0 events):
No events

Events (0 events):
No events


Dynamic libraries:
0x00007ff7dca80000 - 0x00007ff7dca87000 	C:\Program Files\Java\jdk1.7.0_40\bin\javac.exe
0x00007ffb702d0000 - 0x00007ffb7047c000 	C:\WINDOWS\SYSTEM32\ntdll.dll
0x00007ffb6fe40000 - 0x00007ffb6ff7e000 	C:\WINDOWS\system32\KERNEL32.DLL
0x00007ffb6d7d0000 - 0x00007ffb6d8e5000 	C:\WINDOWS\system32\KERNELBASE.dll
0x0000000052070000 - 0x000000005209b000 	C:\Program Files\Java\jdk1.7.0_40\bin\jli.dll
0x0000000051f90000 - 0x0000000052061000 	C:\Program Files\Java\jdk1.7.0_40\bin\MSVCR100.dll
0x00007ffb6dce0000 - 0x00007ffb6dd8a000 	C:\WINDOWS\system32\ADVAPI32.dll
0x00007ffb6ae30000 - 0x00007ffb6b0ab000 	C:\WINDOWS\WinSxS\amd64_microsoft.windows.common-controls_6595b64144ccf1df_6.0.9600.17415_none_6240486fecbd8abb\COMCTL32.dll
0x00007ffb6dab0000 - 0x00007ffb6dc27000 	C:\WINDOWS\system32\USER32.dll
0x00007ffb6dc30000 - 0x00007ffb6dcda000 	C:\WINDOWS\system32\msvcrt.dll
0x00007ffb6f690000 - 0x00007ffb6f6e9000 	C:\WINDOWS\SYSTEM32\sechost.dll
0x00007ffb70180000 - 0x00007ffb702c1000 	C:\WINDOWS\system32\RPCRT4.dll
0x00007ffb6d950000 - 0x00007ffb6daa1000 	C:\WINDOWS\system32\GDI32.dll
0x00007ffb70140000 - 0x00007ffb70176000 	C:\WINDOWS\system32\IMM32.DLL
0x00007ffb6ffe0000 - 0x00007ffb70132000 	C:\WINDOWS\system32\MSCTF.dll
0x0000000052a30000 - 0x0000000052b01000 	C:\Program Files\Java\jdk1.7.0_40\jre\bin\msvcr100.dll
0x0000000052260000 - 0x0000000052a29000 	C:\Program Files\Java\jdk1.7.0_40\jre\bin\server\jvm.dll
0x00007ffb65010000 - 0x00007ffb65019000 	C:\WINDOWS\SYSTEM32\WSOCK32.dll
0x00007ffb65c00000 - 0x00007ffb65c22000 	C:\WINDOWS\SYSTEM32\WINMM.dll
0x00007ffb6fe30000 - 0x00007ffb6fe37000 	C:\WINDOWS\system32\PSAPI.DLL
0x00007ffb6ff80000 - 0x00007ffb6ffda000 	C:\WINDOWS\system32\WS2_32.dll
0x00007ffb65bd0000 - 0x00007ffb65bfa000 	C:\WINDOWS\SYSTEM32\WINMMBASE.dll
0x00007ffb6fc80000 - 0x00007ffb6fc89000 	C:\WINDOWS\system32\NSI.dll
0x00007ffb6d5a0000 - 0x00007ffb6d5ef000 	C:\WINDOWS\SYSTEM32\cfgmgr32.dll
0x00007ffb6c220000 - 0x00007ffb6c248000 	C:\WINDOWS\SYSTEM32\DEVOBJ.dll
0x0000000052250000 - 0x000000005225f000 	C:\Program Files\Java\jdk1.7.0_40\jre\bin\verify.dll
0x0000000052220000 - 0x0000000052248000 	C:\Program Files\Java\jdk1.7.0_40\jre\bin\java.dll
0x0000000052200000 - 0x0000000052215000 	C:\Program Files\Java\jdk1.7.0_40\jre\bin\zip.dll

VM Arguments:
jvm_args: -Denv.class.path=C:\Program Files (x86)\MySQL\MySQL Connector J\mysql-connector-java-5.1.27-bin.jar -Dapplication.home=C:\Program Files\Java\jdk1.7.0_40 -Xms8m 
java_command: com.sun.tools.javac.Main -version
Launcher Type: SUN_STANDARD

Environment Variables:
JAVA_HOME=C:\Program Files\Java\jdk1.7.0_40\
CLASSPATH=C:\Program Files (x86)\MySQL\MySQL Connector J\mysql-connector-java-5.1.27-bin.jar
PATH=C:\WINDOWS\System32\Wbem;C:\WINDOWS\System32;C:\Program Files\Java\jdk1.7.0_40\bin\;C:\opencv\build\x86\vc12;C:\Program Files (x86)\Microsoft Visual Studio 12.0\VC\bin;C:\Qt\Tools\mingw482_32\bin;C:\opencv\build\x86\vc12\bin;C:\MinGW\bin;C:\Program Files\nodejs\;C:\Program Files\Java\jdk1.7.0_40\bin\;C:\opencv\build\x86\vc12;C:\Program Files (x86)\Microsoft Visual Studio 12.0\VC\bin;C:\Qt\Tools\mingw482_32\bin;C:\opencv\build\x86\vc12\bin;C:\MinGW\bin;C:\Users\Andi\AppData\Roaming\npm;C:\Users\Andi\AppData\Local\Android\sdk\tools;C:\Users\Andi\AppData\Local\Android\sdk\platform-tools
USERNAME=Andi
OS=Windows_NT
PROCESSOR_IDENTIFIER=Intel64 Family 6 Model 58 Stepping 9, GenuineIntel



---------------  S Y S T E M  ---------------

OS: Windows 8 , 64 bit Build 9200 

CPU:total 4 (2 cores per cpu, 2 threads per core) family 6 model 58 stepping 9, cmov, cx8, fxsr, mmx, sse, sse2, sse3, ssse3, sse4.1, sse4.2, popcnt, avx, aes, erms, ht, tsc, tscinvbit, tscinv

Memory: 4k page, physical 6173208k(957516k free), swap 8666760k(5420k free)

vm_info: Java HotSpot(TM) 64-Bit Server VM (24.0-b56) for windows-amd64 JRE (1.7.0_40-b43), built on Aug 26 2013 22:38:32 by "java_re" with unknown MS VC++:1600

time: Tue Jun 02 19:43:15 2015
elapsed time: 0 seconds

